Release 14.7 - xst P.20131013 (lin64)
Copyright (c) 1995-2013 Xilinx, Inc.  All rights reserved.
--> 
Parameter TMPDIR set to xst/projnav.tmp


Total REAL time to Xst completion: 1.00 secs
Total CPU time to Xst completion: 0.10 secs
 
--> 
Parameter xsthdpdir set to xst


Total REAL time to Xst completion: 1.00 secs
Total CPU time to Xst completion: 0.10 secs
 
--> 
Reading design: program.prj

TABLE OF CONTENTS
  1) Synthesis Options Summary
  2) HDL Parsing
  3) HDL Elaboration
  4) HDL Synthesis
       4.1) HDL Synthesis Report
  5) Advanced HDL Synthesis
       5.1) Advanced HDL Synthesis Report
  6) Low Level Synthesis
  7) Partition Report
  8) Design Summary
       8.1) Primitive and Black Box Usage
       8.2) Device utilization summary
       8.3) Partition Resource Summary
       8.4) Timing Report
            8.4.1) Clock Information
            8.4.2) Asynchronous Control Signals Information
            8.4.3) Timing Summary
            8.4.4) Timing Details
            8.4.5) Cross Clock Domains Report


=========================================================================
*                      Synthesis Options Summary                        *
=========================================================================
---- Source Parameters
Input File Name                    : "program.prj"
Ignore Synthesis Constraint File   : NO

---- Target Parameters
Output File Name                   : "program"
Output Format                      : NGC
Target Device                      : xc6slx45-3-csg324

---- Source Options
Top Module Name                    : program
Automatic FSM Extraction           : YES
FSM Encoding Algorithm             : Auto
Safe Implementation                : No
FSM Style                          : LUT
RAM Extraction                     : Yes
RAM Style                          : Auto
ROM Extraction                     : Yes
Shift Register Extraction          : YES
ROM Style                          : Auto
Resource Sharing                   : YES
Asynchronous To Synchronous        : NO
Shift Register Minimum Size        : 2
Use DSP Block                      : Auto
Automatic Register Balancing       : No

---- Target Options
LUT Combining                      : Auto
Reduce Control Sets                : Auto
Add IO Buffers                     : YES
Global Maximum Fanout              : 100000
Add Generic Clock Buffer(BUFG)     : 16
Register Duplication               : YES
Optimize Instantiated Primitives   : NO
Use Clock Enable                   : Auto
Use Synchronous Set                : Auto
Use Synchronous Reset              : Auto
Pack IO Registers into IOBs        : Auto
Equivalent register Removal        : YES

---- General Options
Optimization Goal                  : Speed
Optimization Effort                : 1
Power Reduction                    : NO
Keep Hierarchy                     : No
Netlist Hierarchy                  : As_Optimized
RTL Output                         : Yes
Global Optimization                : AllClockNets
Read Cores                         : YES
Write Timing Constraints           : NO
Cross Clock Analysis               : NO
Hierarchy Separator                : /
Bus Delimiter                      : <>
Case Specifier                     : Maintain
Slice Utilization Ratio            : 100
BRAM Utilization Ratio             : 100
DSP48 Utilization Ratio            : 100
Auto BRAM Packing                  : NO
Slice Utilization Ratio Delta      : 5

=========================================================================


=========================================================================
*                          HDL Parsing                                  *
=========================================================================
Analyzing Verilog file "/media/psf/Home/Develop/atlys-playing/gearbox.v" into library work
Parsing module <gearbox>.
Analyzing Verilog file "/media/psf/Home/Develop/atlys-playing/program.v" into library work
Parsing module <program>.
WARNING:HDLCompiler:568 - "/media/psf/Home/Develop/atlys-playing/program.v" Line 86: Constant value is truncated to fit in <10> bits.
WARNING:HDLCompiler:568 - "/media/psf/Home/Develop/atlys-playing/program.v" Line 94: Constant value is truncated to fit in <10> bits.
WARNING:HDLCompiler:568 - "/media/psf/Home/Develop/atlys-playing/program.v" Line 102: Constant value is truncated to fit in <10> bits.

=========================================================================
*                            HDL Elaboration                            *
=========================================================================
WARNING:HDLCompiler:1016 - "/media/psf/Home/Develop/atlys-playing/program.v" Line 51: Port CLKFX180 is not connected to this instance
WARNING:HDLCompiler:1016 - "/media/psf/Home/Develop/atlys-playing/program.v" Line 62: Port CLKFX180 is not connected to this instance

Elaborating module <program>.

Elaborating module <IBUFG>.

Elaborating module <DCM_CLKGEN(CLKFX_MULTIPLY=3,CLKFX_DIVIDE=4)>.

Elaborating module <DCM_CLKGEN(CLKFX_MULTIPLY=10)>.

Elaborating module <BUFG>.

Elaborating module <gearbox>.
WARNING:HDLCompiler:413 - "/media/psf/Home/Develop/atlys-playing/gearbox.v" Line 43: Result of 5-bit expression is truncated to fit in 4-bit target.

Elaborating module <OBUFDS(IOSTANDARD="TMDS_33")>.

Elaborating module <IBUFDS(IOSTANDARD="TMDS_33",DIFF_TERM="FALSE")>.

=========================================================================
*                           HDL Synthesis                               *
=========================================================================

Synthesizing Unit <program>.
    Related source file is "/media/psf/Home/Develop/atlys-playing/program.v".
    Summary:
	no macro.
Unit <program> synthesized.

Synthesizing Unit <gearbox>.
    Related source file is "/media/psf/Home/Develop/atlys-playing/gearbox.v".
        DATA_IN_SIZE = 4'b1010
    Found 4-bit register for signal <counter>.
    Found 1-bit register for signal <out_state>.
    Found 4-bit adder for signal <counter[3]_GND_6_o_add_3_OUT> created at line 43.
    Found 1-bit 10-to-1 multiplexer for signal <counter[3]_X_6_o_Mux_1_o> created at line 37.
    Summary:
	inferred   1 Adder/Subtractor(s).
	inferred   5 D-type flip-flop(s).
	inferred   1 Multiplexer(s).
Unit <gearbox> synthesized.

=========================================================================
HDL Synthesis Report

Macro Statistics
# Adders/Subtractors                                   : 3
 4-bit adder                                           : 3
# Registers                                            : 6
 1-bit register                                        : 3
 4-bit register                                        : 3
# Multiplexers                                         : 3
 1-bit 10-to-1 multiplexer                             : 3

=========================================================================

=========================================================================
*                       Advanced HDL Synthesis                          *
=========================================================================


Synthesizing (advanced) Unit <gearbox>.
The following registers are absorbed into counter <counter>: 1 register on signal <counter>.
Unit <gearbox> synthesized (advanced).

=========================================================================
Advanced HDL Synthesis Report

Macro Statistics
# Counters                                             : 3
 4-bit up counter                                      : 3
# Registers                                            : 3
 Flip-Flops                                            : 3
# Multiplexers                                         : 3
 1-bit 10-to-1 multiplexer                             : 3

=========================================================================

=========================================================================
*                         Low Level Synthesis                           *
=========================================================================
WARNING:Xst:1989 - Unit <program>: instances <tx0_tmds_r_convert>, <tx0_tmds_g_convert> of unit <gearbox> are equivalent, second instance is removed
WARNING:Xst:1989 - Unit <program>: instances <tx0_tmds_r_convert>, <tx0_tmds_b_convert> of unit <gearbox> are equivalent, second instance is removed

Optimizing unit <program> ...

Mapping all equations...
Building and optimizing final netlist ...
Found area constraint ratio of 100 (+ 5) on block program, actual ratio is 0.

Final Macro Processing ...

=========================================================================
Final Register Report

Macro Statistics
# Registers                                            : 5
 Flip-Flops                                            : 5

=========================================================================

=========================================================================
*                           Partition Report                            *
=========================================================================

Partition Implementation Status
-------------------------------

  No Partitions were found in this design.

-------------------------------

=========================================================================
*                            Design Summary                             *
=========================================================================

Top Level Output File Name         : program.ngc

Primitive and Black Box Usage:
------------------------------
# BELS                             : 6
#      GND                         : 1
#      INV                         : 1
#      LUT3                        : 1
#      LUT4                        : 3
# FlipFlops/Latches                : 5
#      FD                          : 5
# Clock Buffers                    : 2
#      BUFG                        : 2
# IO Buffers                       : 14
#      IBUF                        : 1
#      IBUFDS                      : 4
#      IBUFG                       : 1
#      OBUF                        : 4
#      OBUFDS                      : 4
# DCMs                             : 2
#      DCM_CLKGEN                  : 2

Device utilization summary:
---------------------------

Selected Device : 6slx45csg324-3 


Slice Logic Utilization: 
 Number of Slice Registers:               5  out of  54576     0%  
 Number of Slice LUTs:                    5  out of  27288     0%  
    Number used as Logic:                 5  out of  27288     0%  

Slice Logic Distribution: 
 Number of LUT Flip Flop pairs used:     10
   Number with an unused Flip Flop:       5  out of     10    50%  
   Number with an unused LUT:             5  out of     10    50%  
   Number of fully used LUT-FF pairs:     0  out of     10     0%  
   Number of unique control sets:         1

IO Utilization: 
 Number of IOs:                          22
 Number of bonded IOBs:                  22  out of    218    10%  

Specific Feature Utilization:
 Number of BUFG/BUFGCTRLs:                2  out of     16    12%  

---------------------------
Partition Resource Summary:
---------------------------

  No Partitions were found in this design.

---------------------------


=========================================================================
Timing Report

NOTE: THESE TIMING NUMBERS ARE ONLY A SYNTHESIS ESTIMATE.
      FOR ACCURATE TIMING INFORMATION PLEASE REFER TO THE TRACE REPORT
      GENERATED AFTER PLACE-and-ROUTE.

Clock Information:
------------------
-----------------------------------+------------------------+-------+
Clock Signal                       | Clock buffer(FF name)  | Load  |
-----------------------------------+------------------------+-------+
px10_clk                           | BUFG                   | 5     |
-----------------------------------+------------------------+-------+

Asynchronous Control Signals Information:
----------------------------------------
No asynchronous control signals found in this design

Timing Summary:
---------------
Speed Grade: -3

   Minimum period: 2.048ns (Maximum Frequency: 488.317MHz)
   Minimum input arrival time before clock: No path found
   Maximum output required time after clock: 3.668ns
   Maximum combinational path delay: 4.372ns

Timing Details:
---------------
All values displayed in nanoseconds (ns)

=========================================================================
Timing constraint: Default period analysis for Clock 'px10_clk'
  Clock period: 2.048ns (frequency: 488.317MHz)
  Total number of paths / destination ports: 16 / 5
-------------------------------------------------------------------------
Delay:               2.048ns (Levels of Logic = 1)
  Source:            tx0_tmds_r_convert/counter_0 (FF)
  Destination:       tx0_tmds_r_convert/counter_0 (FF)
  Source Clock:      px10_clk rising
  Destination Clock: px10_clk rising

  Data Path: tx0_tmds_r_convert/counter_0 to tx0_tmds_r_convert/counter_0
                                Gate     Net
    Cell:in->out      fanout   Delay   Delay  Logical Name (Net Name)
    ----------------------------------------  ------------
     FD:C->Q               5   0.447   0.714  tx0_tmds_r_convert/counter_0 (tx0_tmds_r_convert/counter_0)
     INV:I->O              1   0.206   0.579  tx0_tmds_r_convert/counter_0_rstpot_INV_0 (tx0_tmds_r_convert/counter_0_rstpot)
     FD:D                      0.102          tx0_tmds_r_convert/counter_0
    ----------------------------------------
    Total                      2.048ns (0.755ns logic, 1.293ns route)
                                       (36.9% logic, 63.1% route)

=========================================================================
Timing constraint: Default OFFSET OUT AFTER for Clock 'px10_clk'
  Total number of paths / destination ports: 6 / 6
-------------------------------------------------------------------------
Offset:              3.668ns (Levels of Logic = 1)
  Source:            tx0_tmds_r_convert/out_state (FF)
  Destination:       TX0_TMDS<2> (PAD)
  Source Clock:      px10_clk rising

  Data Path: tx0_tmds_r_convert/out_state to TX0_TMDS<2>
                                Gate     Net
    Cell:in->out      fanout   Delay   Delay  Logical Name (Net Name)
    ----------------------------------------  ------------
     FD:C->Q               3   0.447   0.650  tx0_tmds_r_convert/out_state (tx0_tmds_r_convert/out_state)
     OBUFDS:I->O               2.571          tx0_tmds_r_obufds (TX0_TMDS<0>)
    ----------------------------------------
    Total                      3.668ns (3.018ns logic, 0.650ns route)
                                       (82.3% logic, 17.7% route)

=========================================================================
Timing constraint: Default path analysis
  Total number of paths / destination ports: 12 / 8
-------------------------------------------------------------------------
Delay:               4.372ns (Levels of Logic = 2)
  Source:            RX0_TMDS<3> (PAD)
  Destination:       LED<3> (PAD)

  Data Path: RX0_TMDS<3> to LED<3>
                                Gate     Net
    Cell:in->out      fanout   Delay   Delay  Logical Name (Net Name)
    ----------------------------------------  ------------
     IBUFDS:I->O           1   1.222   0.579  ibuf3 (LED_3_OBUF)
     OBUF:I->O                 2.571          LED_3_OBUF (LED<3>)
    ----------------------------------------
    Total                      4.372ns (3.793ns logic, 0.579ns route)
                                       (86.8% logic, 13.2% route)

=========================================================================

Cross Clock Domains Report:
--------------------------

Clock to Setup on destination clock px10_clk
---------------+---------+---------+---------+---------+
               | Src:Rise| Src:Fall| Src:Rise| Src:Fall|
Source Clock   |Dest:Rise|Dest:Rise|Dest:Fall|Dest:Fall|
---------------+---------+---------+---------+---------+
px10_clk       |    2.048|         |         |         |
---------------+---------+---------+---------+---------+

=========================================================================


Total REAL time to Xst completion: 11.00 secs
Total CPU time to Xst completion: 7.25 secs
 
--> 


Total memory usage is 392584 kilobytes

Number of errors   :    0 (   0 filtered)
Number of warnings :    8 (   0 filtered)
Number of infos    :    0 (   0 filtered)

